<?xml version="1.0" encoding="UTF-8"?>
<!-- Generated by org.testng.reporters.JUnitReportReporter -->
<testsuite skipped="0" hostname="B06SE520" name="qaclickacademy.AppiumTest" tests="1" failures="0" timestamp="2021-04-14T14:13:35 EDT" time="0.008" errors="0">
  <testcase name="nativeAppAndroid" time="0.008" classname="qaclickacademy.AppiumTest"/>
  <system-out/>
</testsuite> <!-- qaclickacademy.AppiumTest -->
