<?xml version="1.0" encoding="UTF-8"?>
<!-- Generated by org.testng.reporters.JUnitReportReporter -->
<testsuite skipped="0" hostname="B06SE520" name="qaclickacademy.RESTAPITest" tests="1" failures="0" timestamp="2021-04-14T13:42:24 EDT" time="0.007" errors="0">
  <testcase name="postJira" time="0.007" classname="qaclickacademy.RESTAPITest"/>
  <system-out/>
</testsuite> <!-- qaclickacademy.RESTAPITest -->
