<?xml version="1.0" encoding="UTF-8"?>
<!-- Generated by org.testng.reporters.JUnitReportReporter -->
<testsuite skipped="0" hostname="B06SE520" name="qaclickacademy.TestAppium" tests="2" failures="0" timestamp="2021-04-14T14:56:03 EDT" time="0.002" errors="0">
  <testcase name="IOSApps" time="0.002" classname="qaclickacademy.TestAppium"/>
  <system-out/>
  <testcase name="nativeAppAndroid" time="0.000" classname="qaclickacademy.TestAppium"/>
  <system-out/>
</testsuite> <!-- qaclickacademy.TestAppium -->
