<?xml version="1.0" encoding="UTF-8"?>
<!-- Generated by org.testng.reporters.JUnitReportReporter -->
<testsuite skipped="0" hostname="B06SE520" name="qaclickacademy.TestNameAppium" tests="2" failures="0" timestamp="2021-04-14T14:57:45 EDT" time="0.003" errors="0">
  <testcase name="IOSApps" time="0.003" classname="qaclickacademy.TestNameAppium"/>
  <system-out/>
  <testcase name="nativeAppAndroid" time="0.000" classname="qaclickacademy.TestNameAppium"/>
  <system-out/>
</testsuite> <!-- qaclickacademy.TestNameAppium -->
