<?xml version="1.0" encoding="UTF-8"?>
<!-- Generated by org.testng.reporters.JUnitReportReporter -->
<testsuite skipped="0" hostname="B06SE520" name="qaclickacademy.RESTAPITest" tests="2" failures="0" timestamp="2021-04-14T15:10:46 EDT" time="0.001" errors="0">
  <testcase name="deleteTwiter" time="0.000" classname="qaclickacademy.RESTAPITest"/>
  <system-out/>
  <testcase name="postJira" time="0.001" classname="qaclickacademy.RESTAPITest"/>
  <system-out/>
</testsuite> <!-- qaclickacademy.RESTAPITest -->
