<?xml version="1.0" encoding="UTF-8"?>
<!-- Generated by org.testng.reporters.JUnitReportReporter -->
<testsuite skipped="0" hostname="B06SE520" name="qaclickacademy.SeleniumTest" tests="2" failures="0" timestamp="2021-04-14T15:11:31 EDT" time="0.000" errors="0">
  <testcase name="elementsUi" time="0.000" classname="qaclickacademy.SeleniumTest"/>
  <system-out/>
  <testcase name="browserAutomation" time="0.000" classname="qaclickacademy.SeleniumTest"/>
  <system-out/>
</testsuite> <!-- qaclickacademy.SeleniumTest -->
