<?xml version="1.0" encoding="UTF-8"?>
<!-- Generated by org.testng.reporters.JUnitReportReporter -->
<testsuite skipped="0" hostname="B06SE520" name="qaclickacademy.Appium" tests="2" failures="0" timestamp="2021-04-14T14:53:56 EDT" time="0.004" errors="0">
  <testcase name="nativeAppAndroid" time="0.001" classname="qaclickacademy.Appium"/>
  <system-out/>
  <testcase name="IOSApps" time="0.003" classname="qaclickacademy.Appium"/>
  <system-out/>
</testsuite> <!-- qaclickacademy.Appium -->
